INFO: [VRFC 10-2263] Analyzing Verilog file "F:/package/package.srcs/sources_1/new/delay1s.v" into library xil_defaultlib
INFO: [VRFC 10-311] analyzing module delay1s
INFO: [VRFC 10-2263] Analyzing Verilog file "F:/package/package.srcs/sources_1/new/div_clk1.v" into library xil_defaultlib
INFO: [VRFC 10-311] analyzing module div_clk1
INFO: [VRFC 10-2263] Analyzing Verilog file "F:/package/package.srcs/sources_1/new/en_tube.v" into library xil_defaultlib
INFO: [VRFC 10-311] analyzing module en_tube
INFO: [VRFC 10-2263] Analyzing Verilog file "F:/package/package.srcs/sources_1/new/flicker_light.v" into library xil_defaultlib
INFO: [VRFC 10-311] analyzing module flicker_light
INFO: [VRFC 10-2263] Analyzing Verilog file "F:/package/package.srcs/sources_1/new/hex_to_dec.v" into library xil_defaultlib
INFO: [VRFC 10-311] analyzing module hex_to_dec
INFO: [VRFC 10-2263] Analyzing Verilog file "F:/package/package.srcs/sources_1/new/main.v" into library xil_defaultlib
INFO: [VRFC 10-311] analyzing module main
INFO: [VRFC 10-2263] Analyzing Verilog file "F:/package/package.srcs/sources_1/new/produce_boxnum.v" into library xil_defaultlib
INFO: [VRFC 10-311] analyzing module produce_boxnum
INFO: [VRFC 10-2263] Analyzing Verilog file "F:/package/package.srcs/sources_1/new/produce_password.v" into library xil_defaultlib
INFO: [VRFC 10-311] analyzing module produce_password
INFO: [VRFC 10-2263] Analyzing Verilog file "F:/package/package.srcs/sources_1/new/produce_random.v" into library xil_defaultlib
INFO: [VRFC 10-311] analyzing module produce_random
INFO: [VRFC 10-2263] Analyzing Verilog file "F:/package/package.srcs/sources_1/new/state_machine.v" into library xil_defaultlib
INFO: [VRFC 10-311] analyzing module state_machine
INFO: [VRFC 10-2263] Analyzing Verilog file "F:/package/package.srcs/sources_1/new/trans_dig.v" into library xil_defaultlib
INFO: [VRFC 10-311] analyzing module trans_dig
INFO: [VRFC 10-2263] Analyzing Verilog file "F:/package/package.srcs/sim_1/new/package_sim.v" into library xil_defaultlib
INFO: [VRFC 10-311] analyzing module package_sim
